<?xml version="1.0" encoding="utf-8"?><testsuites name="pytest tests"><testsuite name="pytest" errors="0" failures="0" skipped="0" tests="26" time="15.962" timestamp="2026-09-02T16:57:56.497712+00:00" hostname="agent-env-d75057e0-2fb3-4d2e-b55f-699f9d443a4b"><testcase classname="tests.test_regression_waautoma_flows" name="test_owner_login_ok" time="0.874" /><testcase classname="tests.test_tscheck_manual_subscription_management" name="test_subscriptions_list_shows_status_expiry_price" time="0.941" /><testcase classname="tests.test_regression_waautoma_flows" name="test_admin_login_ok" time="0.621" /><testcase classname="tests.test_tscheck_manual_subscription_management" name="test_send_reminder_creates_notification" time="1.362" /><testcase classname="tests.test_regression_waautoma_flows" name="test_negative_login_401" time="0.742" /><testcase classname="tests.test_regression_waautoma_flows" name="test_no_token_401_on_protected" time="0.367" /><testcase classname="tests.test_tscheck_manual_subscription_management" name="test_payment_received_marks_paid_and_extends_active" time="0.988" /><testcase classname="tests.test_regression_waautoma_flows" name="test_menu_categories_and_items" time="0.718" /><testcase classname="tests.test_tscheck_admin_login_and_role_gate" name="test_super_admin_login_and_summary_access" time="0.345" /><testcase classname="tests.test_regression_waautoma_flows" name="test_owner_forbidden_on_admin_routes" time="0.281" /><testcase classname="tests.test_tscheck_admin_login_and_role_gate" name="test_restaurant_owner_forbidden_from_admin_api" time="0.552" /><testcase classname="tests.test_regression_waautoma_flows" name="test_admin_summary_accessible" time="0.936" /><testcase classname="tests.test_tscheck_admin_settings_and_credentials_protected" name="test_platform_settings_are_editable" time="0.414" /><testcase classname="tests.test_regression_waautoma_flows" name="test_gateway_health" time="0.003" /><testcase classname="tests.test_regression_waautoma_flows" name="test_whatsapp_config_endpoint_returns_provider" time="0.613" /><testcase classname="tests.test_tscheck_admin_settings_and_credentials_protected" name="test_profile_update_requires_current_password_and_audits" time="2.552" /><testcase classname="tests.test_regression_waautoma_flows" name="test_simulator_ai_priced_summary" time="5.605" /><testcase classname="tests.test_tscheck_subscription_gate_preserves_billing" name="test_active_restaurant_can_use_dashboard_apis" time="0.915" /><testcase classname="tests.test_tscheck_subscription_gate_preserves_billing" name="test_suspended_tenant_blocked_from_protected_api_but_billing_accessible" time="0.975" /><testcase classname="tests.test_tscheck_tenant_isolation" name="test_owner_reaches_only_own_dashboard_and_dashboard_apis_work" time="0.443" /><testcase classname="tests.test_tscheck_tenant_isolation" name="test_restaurant_owner_cannot_access_admin_routes" time="0.307" /><testcase classname="tests.test_tscheck_admin_create_restaurant" name="test_create_restaurant_returns_credentials_and_appears_in_list" time="0.897" /><testcase classname="tests.test_regression_waautoma_flows" name="test_simulator_confirm_places_order" time="3.312" /><testcase classname="tests.test_regression_waautoma_flows" name="test_orders_status_update_persists" time="0.691" /><testcase classname="tests.test_regression_waautoma_flows" name="test_customers_page_shows_simulator_customer" time="0.177" /><testcase classname="tests.test_regression_waautoma_flows" name="test_analytics_reflects_orders" time="0.167" /></testsuite></testsuites>