<?xml version="1.0" encoding="utf-8"?><testsuites name="pytest tests"><testsuite name="pytest" errors="0" failures="0" skipped="0" tests="26" time="14.972" timestamp="2026-09-02T17:09:15.292638+00:00" hostname="agent-env-d75057e0-2fb3-4d2e-b55f-699f9d443a4b"><testcase classname="tests.test_regression_waautoma_flows" name="test_owner_login_ok" time="0.587" /><testcase classname="tests.test_tscheck_manual_subscription_management" name="test_subscriptions_list_shows_status_expiry_price" time="1.158" /><testcase classname="tests.test_regression_waautoma_flows" name="test_admin_login_ok" time="0.535" /><testcase classname="tests.test_regression_waautoma_flows" name="test_negative_login_401" time="0.805" /><testcase classname="tests.test_tscheck_manual_subscription_management" name="test_send_reminder_creates_notification" time="1.111" /><testcase classname="tests.test_regression_waautoma_flows" name="test_no_token_401_on_protected" time="0.288" /><testcase classname="tests.test_tscheck_manual_subscription_management" name="test_payment_received_marks_paid_and_extends_active" time="0.959" /><testcase classname="tests.test_regression_waautoma_flows" name="test_menu_categories_and_items" time="0.972" /><testcase classname="tests.test_regression_waautoma_flows" name="test_owner_forbidden_on_admin_routes" time="0.353" /><testcase classname="tests.test_tscheck_admin_login_and_role_gate" name="test_super_admin_login_and_summary_access" time="0.317" /><testcase classname="tests.test_tscheck_admin_login_and_role_gate" name="test_restaurant_owner_forbidden_from_admin_api" time="0.555" /><testcase classname="tests.test_regression_waautoma_flows" name="test_admin_summary_accessible" time="0.882" /><testcase classname="tests.test_tscheck_admin_settings_and_credentials_protected" name="test_platform_settings_are_editable" time="0.420" /><testcase classname="tests.test_regression_waautoma_flows" name="test_gateway_health" time="0.003" /><testcase classname="tests.test_regression_waautoma_flows" name="test_whatsapp_config_endpoint_returns_provider" time="0.647" /><testcase classname="tests.test_tscheck_admin_settings_and_credentials_protected" name="test_profile_update_requires_current_password_and_audits" time="1.909" /><testcase classname="tests.test_regression_waautoma_flows" name="test_simulator_ai_priced_summary" time="4.935" /><testcase classname="tests.test_tscheck_subscription_gate_preserves_billing" name="test_active_restaurant_can_use_dashboard_apis" time="0.924" /><testcase classname="tests.test_tscheck_subscription_gate_preserves_billing" name="test_suspended_tenant_blocked_from_protected_api_but_billing_accessible" time="0.970" /><testcase classname="tests.test_tscheck_tenant_isolation" name="test_owner_reaches_only_own_dashboard_and_dashboard_apis_work" time="0.441" /><testcase classname="tests.test_tscheck_tenant_isolation" name="test_restaurant_owner_cannot_access_admin_routes" time="0.304" /><testcase classname="tests.test_tscheck_admin_create_restaurant" name="test_create_restaurant_returns_credentials_and_appears_in_list" time="0.887" /><testcase classname="tests.test_regression_waautoma_flows" name="test_simulator_confirm_places_order" time="3.463" /><testcase classname="tests.test_regression_waautoma_flows" name="test_orders_status_update_persists" time="0.470" /><testcase classname="tests.test_regression_waautoma_flows" name="test_customers_page_shows_simulator_customer" time="0.163" /><testcase classname="tests.test_regression_waautoma_flows" name="test_analytics_reflects_orders" time="0.164" /></testsuite></testsuites>