<?xml version="1.0" encoding="utf-8"?><testsuites name="pytest tests"><testsuite name="pytest" errors="0" failures="1" skipped="0" tests="14" time="35.808" timestamp="2026-09-02T06:27:31.795900+00:00" hostname="agent-env-d75057e0-2fb3-4d2e-b55f-699f9d443a4b"><testcase classname="tests.test_regression_waautoma_flows" name="test_owner_login_ok" time="15.159"><failure message="requests.exceptions.ReadTimeout: HTTPSConnectionPool(host='baileys-gateway-app.preview.emergentagent.com', port=443): Read timed out. (read timeout=15)">/root/.venv/lib/python3.11/site-packages/urllib3/connectionpool.py:534: in _make_request
    response = conn.getresponse()
               ^^^^^^^^^^^^^^^^^^
/root/.venv/lib/python3.11/site-packages/urllib3/connection.py:571: in getresponse
    httplib_response = super().getresponse()
                       ^^^^^^^^^^^^^^^^^^^^^
/usr/local/lib/python3.11/http/client.py:1443: in getresponse
    response.begin()
/usr/local/lib/python3.11/http/client.py:337: in begin
    version, status, reason = self._read_status()
                              ^^^^^^^^^^^^^^^^^^^
/usr/local/lib/python3.11/http/client.py:298: in _read_status
    line = str(self.fp.readline(_MAXLINE + 1), "iso-8859-1")
               ^^^^^^^^^^^^^^^^^^^^^^^^^^^^^^
/usr/local/lib/python3.11/socket.py:718: in readinto
    return self._sock.recv_into(b)
           ^^^^^^^^^^^^^^^^^^^^^^^
/usr/local/lib/python3.11/ssl.py:1314: in recv_into
    return self.read(nbytes, buffer)
           ^^^^^^^^^^^^^^^^^^^^^^^^^
/usr/local/lib/python3.11/ssl.py:1166: in read
    return self._sslobj.read(len, buffer)
           ^^^^^^^^^^^^^^^^^^^^^^^^^^^^^^
E   TimeoutError: The read operation timed out

The above exception was the direct cause of the following exception:
/root/.venv/lib/python3.11/site-packages/requests/adapters.py:696: in send
    resp = conn.urlopen(
/root/.venv/lib/python3.11/site-packages/urllib3/connectionpool.py:842: in urlopen
    retries = retries.increment(
/root/.venv/lib/python3.11/site-packages/urllib3/util/retry.py:498: in increment
    raise reraise(type(error), error, _stacktrace)
          ^^^^^^^^^^^^^^^^^^^^^^^^^^^^^^^^^^^^^^^^
/root/.venv/lib/python3.11/site-packages/urllib3/util/util.py:39: in reraise
    raise value
/root/.venv/lib/python3.11/site-packages/urllib3/connectionpool.py:788: in urlopen
    response = self._make_request(
/root/.venv/lib/python3.11/site-packages/urllib3/connectionpool.py:536: in _make_request
    self._raise_timeout(err=e, url=url, timeout_value=read_timeout)
/root/.venv/lib/python3.11/site-packages/urllib3/connectionpool.py:367: in _raise_timeout
    raise ReadTimeoutError(
E   urllib3.exceptions.ReadTimeoutError: HTTPSConnectionPool(host='baileys-gateway-app.preview.emergentagent.com', port=443): Read timed out. (read timeout=15)

During handling of the above exception, another exception occurred:
tests/test_regression_waautoma_flows.py:40: in test_owner_login_ok
    r = requests.post(f"{API}/auth/login", json=OWNER, timeout=15)
        ^^^^^^^^^^^^^^^^^^^^^^^^^^^^^^^^^^^^^^^^^^^^^^^^^^^^^^^^^^
/root/.venv/lib/python3.11/site-packages/requests/api.py:134: in post
    return request("post", url, data=data, json=json, **kwargs)
           ^^^^^^^^^^^^^^^^^^^^^^^^^^^^^^^^^^^^^^^^^^^^^^^^^^^^
/root/.venv/lib/python3.11/site-packages/requests/api.py:71: in request
    return session.request(method=method, url=url, **kwargs)
           ^^^^^^^^^^^^^^^^^^^^^^^^^^^^^^^^^^^^^^^^^^^^^^^^^
/root/.venv/lib/python3.11/site-packages/requests/sessions.py:651: in request
    resp = self.send(prep, **send_kwargs)
           ^^^^^^^^^^^^^^^^^^^^^^^^^^^^^^
/root/.venv/lib/python3.11/site-packages/requests/sessions.py:784: in send
    r = adapter.send(request, **kwargs)
        ^^^^^^^^^^^^^^^^^^^^^^^^^^^^^^^
/root/.venv/lib/python3.11/site-packages/requests/adapters.py:742: in send
    raise ReadTimeout(e, request=request)
E   requests.exceptions.ReadTimeout: HTTPSConnectionPool(host='baileys-gateway-app.preview.emergentagent.com', port=443): Read timed out. (read timeout=15)</failure></testcase><testcase classname="tests.test_regression_waautoma_flows" name="test_admin_login_ok" time="10.869" /><testcase classname="tests.test_regression_waautoma_flows" name="test_negative_login_401" time="0.639" /><testcase classname="tests.test_regression_waautoma_flows" name="test_no_token_401_on_protected" time="0.148" /><testcase classname="tests.test_regression_waautoma_flows" name="test_menu_categories_and_items" time="0.569" /><testcase classname="tests.test_regression_waautoma_flows" name="test_owner_forbidden_on_admin_routes" time="0.128" /><testcase classname="tests.test_regression_waautoma_flows" name="test_admin_summary_accessible" time="0.526" /><testcase classname="tests.test_regression_waautoma_flows" name="test_gateway_health" time="0.002" /><testcase classname="tests.test_regression_waautoma_flows" name="test_whatsapp_config_endpoint_returns_provider" time="0.097" /><testcase classname="tests.test_regression_waautoma_flows" name="test_simulator_ai_priced_summary" time="3.273" /><testcase classname="tests.test_regression_waautoma_flows" name="test_simulator_confirm_places_order" time="3.379" /><testcase classname="tests.test_regression_waautoma_flows" name="test_orders_status_update_persists" time="0.449" /><testcase classname="tests.test_regression_waautoma_flows" name="test_customers_page_shows_simulator_customer" time="0.127" /><testcase classname="tests.test_regression_waautoma_flows" name="test_analytics_reflects_orders" time="0.194" /></testsuite></testsuites>