<?xml version="1.0" encoding="utf-8"?><testsuites name="pytest tests"><testsuite name="pytest" errors="0" failures="0" skipped="0" tests="12" time="8.161" timestamp="2026-09-02T06:24:46.923700+00:00" hostname="agent-env-d75057e0-2fb3-4d2e-b55f-699f9d443a4b"><testcase classname="tests.test_tscheck_admin_login_and_role_gate" name="test_super_admin_login_and_summary_access" time="0.887" /><testcase classname="tests.test_tscheck_manual_subscription_management" name="test_subscriptions_list_shows_status_expiry_price" time="0.932" /><testcase classname="tests.test_tscheck_admin_login_and_role_gate" name="test_restaurant_owner_forbidden_from_admin_api" time="0.582" /><testcase classname="tests.test_tscheck_manual_subscription_management" name="test_send_reminder_creates_notification" time="1.120" /><testcase classname="tests.test_tscheck_admin_settings_and_credentials_protected" name="test_platform_settings_are_editable" time="0.623" /><testcase classname="tests.test_tscheck_manual_subscription_management" name="test_payment_received_marks_paid_and_extends_active" time="2.464" /><testcase classname="tests.test_tscheck_admin_settings_and_credentials_protected" name="test_profile_update_requires_current_password_and_audits" time="2.398" /><testcase classname="tests.test_tscheck_tenant_isolation" name="test_owner_reaches_only_own_dashboard_and_dashboard_apis_work" time="1.154" /><testcase classname="tests.test_tscheck_subscription_gate_preserves_billing" name="test_active_restaurant_can_use_dashboard_apis" time="1.177" /><testcase classname="tests.test_tscheck_tenant_isolation" name="test_restaurant_owner_cannot_access_admin_routes" time="0.567" /><testcase classname="tests.test_tscheck_subscription_gate_preserves_billing" name="test_suspended_tenant_blocked_from_protected_api_but_billing_accessible" time="1.885" /><testcase classname="tests.test_tscheck_admin_create_restaurant" name="test_create_restaurant_returns_credentials_and_appears_in_list" time="1.360" /></testsuite></testsuites>